<?xml version="1.0" encoding="UTF-8"?>
<!-- Generated by org.testng.reporters.JUnitXMLReporter -->
<testsuite ignored="0" hostname="Arafeh" failures="0" tests="9" name="Default test" time="29.071" errors="0" timestamp="2025-05-02T18:36:21 AST">
  <testcase classname="codenboxautomationlab1.codenboxautomationlab1.AlMosaferTest" name="LangTest" time="0.092"/>
  <testcase classname="codenboxautomationlab1.codenboxautomationlab1.AlMosaferTest" name="DefaultCurrancy" time="0.069"/>
  <testcase classname="codenboxautomationlab1.codenboxautomationlab1.AlMosaferTest" name="CheckPhoneNumber" time="0.039"/>
  <testcase classname="codenboxautomationlab1.codenboxautomationlab1.AlMosaferTest" name="qtafLogo" time="0.081"/>
  <testcase classname="codenboxautomationlab1.codenboxautomationlab1.AlMosaferTest" name="DefaultTabSelected" time="0.066"/>
  <testcase classname="codenboxautomationlab1.codenboxautomationlab1.AlMosaferTest" name="FlightDeparature" time="0.124"/>
  <testcase classname="codenboxautomationlab1.codenboxautomationlab1.AlMosaferTest" name="FlightReturn" time="0.081"/>
  <testcase classname="codenboxautomationlab1.codenboxautomationlab1.AlMosaferTest" name="RandomChangeLanguage" time="14.314"/>
  <testcase classname="codenboxautomationlab1.codenboxautomationlab1.AlMosaferTest" name="HotelSearch" time="8.302"/>
</testsuite> <!-- Default test -->
