<?xml version="1.0" encoding="UTF-8"?>
<testng-results ignored="0" total="9" passed="9" failed="0" skipped="0">
  <reporter-output>
  </reporter-output>
  <suite started-at="2025-05-02T18:35:52 AST" name="Default suite" finished-at="2025-05-02T18:36:21 AST" duration-ms="29071">
    <groups>
    </groups>
    <test started-at="2025-05-02T18:35:52 AST" name="Default test" finished-at="2025-05-02T18:36:21 AST" duration-ms="29071">
      <class name="codenboxautomationlab1.codenboxautomationlab1.AlMosaferTest">
        <test-method is-config="true" signature="mySetup()[pri:0, instance:codenboxautomationlab1.codenboxautomationlab1.AlMosaferTest@4b2a01d4]" started-at="2025-05-02T18:35:52 AST" name="mySetup" finished-at="2025-05-02T18:35:58 AST" duration-ms="5764" status="PASS">
          <reporter-output>
          </reporter-output>
        </test-method> <!-- mySetup -->
        <test-method signature="LangTest()[pri:1, instance:codenboxautomationlab1.codenboxautomationlab1.AlMosaferTest@4b2a01d4]" started-at="2025-05-02T18:35:58 AST" name="LangTest" finished-at="2025-05-02T18:35:58 AST" duration-ms="92" status="PASS">
          <reporter-output>
          </reporter-output>
        </test-method> <!-- LangTest -->
        <test-method signature="DefaultCurrancy()[pri:2, instance:codenboxautomationlab1.codenboxautomationlab1.AlMosaferTest@4b2a01d4]" started-at="2025-05-02T18:35:58 AST" name="DefaultCurrancy" finished-at="2025-05-02T18:35:58 AST" duration-ms="69" status="PASS">
          <reporter-output>
          </reporter-output>
        </test-method> <!-- DefaultCurrancy -->
        <test-method signature="CheckPhoneNumber()[pri:3, instance:codenboxautomationlab1.codenboxautomationlab1.AlMosaferTest@4b2a01d4]" started-at="2025-05-02T18:35:58 AST" name="CheckPhoneNumber" finished-at="2025-05-02T18:35:58 AST" duration-ms="39" status="PASS">
          <reporter-output>
          </reporter-output>
        </test-method> <!-- CheckPhoneNumber -->
        <test-method signature="qtafLogo()[pri:4, instance:codenboxautomationlab1.codenboxautomationlab1.AlMosaferTest@4b2a01d4]" started-at="2025-05-02T18:35:58 AST" name="qtafLogo" finished-at="2025-05-02T18:35:59 AST" duration-ms="81" status="PASS">
          <reporter-output>
          </reporter-output>
        </test-method> <!-- qtafLogo -->
        <test-method signature="DefaultTabSelected()[pri:5, instance:codenboxautomationlab1.codenboxautomationlab1.AlMosaferTest@4b2a01d4]" started-at="2025-05-02T18:35:59 AST" name="DefaultTabSelected" finished-at="2025-05-02T18:35:59 AST" duration-ms="66" status="PASS">
          <reporter-output>
          </reporter-output>
        </test-method> <!-- DefaultTabSelected -->
        <test-method signature="FlightDeparature()[pri:6, instance:codenboxautomationlab1.codenboxautomationlab1.AlMosaferTest@4b2a01d4]" started-at="2025-05-02T18:35:59 AST" name="FlightDeparature" finished-at="2025-05-02T18:35:59 AST" duration-ms="124" status="PASS">
          <reporter-output>
          </reporter-output>
        </test-method> <!-- FlightDeparature -->
        <test-method signature="FlightReturn()[pri:7, instance:codenboxautomationlab1.codenboxautomationlab1.AlMosaferTest@4b2a01d4]" started-at="2025-05-02T18:35:59 AST" name="FlightReturn" finished-at="2025-05-02T18:35:59 AST" duration-ms="81" status="PASS">
          <reporter-output>
          </reporter-output>
        </test-method> <!-- FlightReturn -->
        <test-method signature="RandomChangeLanguage()[pri:8, instance:codenboxautomationlab1.codenboxautomationlab1.AlMosaferTest@4b2a01d4]" started-at="2025-05-02T18:35:59 AST" name="RandomChangeLanguage" finished-at="2025-05-02T18:36:13 AST" duration-ms="14314" status="PASS">
          <reporter-output>
          </reporter-output>
        </test-method> <!-- RandomChangeLanguage -->
        <test-method signature="HotelSearch()[pri:9, instance:codenboxautomationlab1.codenboxautomationlab1.AlMosaferTest@4b2a01d4]" started-at="2025-05-02T18:36:13 AST" name="HotelSearch" finished-at="2025-05-02T18:36:21 AST" duration-ms="8302" status="PASS">
          <reporter-output>
          </reporter-output>
        </test-method> <!-- HotelSearch -->
      </class> <!-- codenboxautomationlab1.codenboxautomationlab1.AlMosaferTest -->
    </test> <!-- Default test -->
  </suite> <!-- Default suite -->
</testng-results>
